<?xml version="1.0" encoding="UTF-8"?>
<!-- Generated by org.testng.reporters.JUnitXMLReporter -->
<testsuite hostname="PREM-OPTIMUS" ignored="5" name="Default test" tests="1" failures="0" timestamp="11 May 2024 14:01:45 GMT" time="13.14" errors="0">
  <testcase name="autosuggestion" time="6.319" classname="actions.MouseOperations"/>
  <testcase name="Dragdrop" time="0.0" classname="actions.MouseOperations">
    <ignored/>
  </testcase> <!-- Dragdrop -->
  <testcase name="slider" time="0.0" classname="actions.MouseOperations">
    <ignored/>
  </testcase> <!-- slider -->
  <testcase name="rightClick" time="0.0" classname="actions.MouseOperations">
    <ignored/>
  </testcase> <!-- rightClick -->
  <testcase name="browserslider" time="0.0" classname="actions.MouseOperations">
    <ignored/>
  </testcase> <!-- browserslider -->
  <testcase name="moveToElement" time="0.0" classname="actions.MouseOperations">
    <ignored/>
  </testcase> <!-- moveToElement -->
</testsuite> <!-- Default test -->
