<?xml version="1.0" encoding="UTF-8"?>
<!-- Generated by org.testng.reporters.JUnitXMLReporter -->
<testsuite hostname="PREM-OPTIMUS" ignored="3" name="Delete Portfolio Test" tests="2" failures="0" timestamp="22 May 2024 03:32:56 GMT" time="0.007" errors="0">
  <testcase name="doLogin" time="0.001" classname="testcases.Session"/>
  <testcase name="DeletePortfolio" time="0.001" classname="testcases.PortfolioManagement"/>
  <testcase name="doLogout" time="0.0" classname="testcases.Session">
    <ignored/>
  </testcase> <!-- doLogout -->
  <testcase name="createPortfolio" time="0.0" classname="testcases.PortfolioManagement">
    <ignored/>
  </testcase> <!-- createPortfolio -->
  <testcase name="ModifyPortfolio" time="0.0" classname="testcases.PortfolioManagement">
    <ignored/>
  </testcase> <!-- ModifyPortfolio -->
</testsuite> <!-- Delete Portfolio Test -->
