<?xml version="1.0" encoding="UTF-8"?>
<!-- Generated by org.testng.reporters.JUnitXMLReporter -->
<testsuite hostname="PREM-OPTIMUS" ignored="3" name="Test" tests="2" failures="0" timestamp="22 May 2024 03:28:28 GMT" time="0.083" errors="0">
  <testcase name="doLogin" time="0.016" classname="testcases.Session"/>
  <testcase name="createPortfolio" time="0.002" classname="testcases.PortfolioManagement"/>
  <testcase name="doLogout" time="0.0" classname="testcases.Session">
    <ignored/>
  </testcase> <!-- doLogout -->
  <testcase name="DeletePortfolio" time="0.0" classname="testcases.PortfolioManagement">
    <ignored/>
  </testcase> <!-- DeletePortfolio -->
  <testcase name="ModifyPortfolio" time="0.0" classname="testcases.PortfolioManagement">
    <ignored/>
  </testcase> <!-- ModifyPortfolio -->
</testsuite> <!-- Test -->
