<?xml version="1.0" encoding="UTF-8"?>
<testng-results skipped="0" failed="0" ignored="6" total="10" passed="4">
  <reporter-output>
  </reporter-output>
  <suite name="Suite" duration-ms="94" started-at="2024-05-22T03:32:56Z" finished-at="2024-05-22T03:32:56Z">
    <groups>
    </groups>
    <test name="Create Portfolio Test" duration-ms="58" started-at="2024-05-22T03:32:56Z" finished-at="2024-05-22T03:32:56Z">
      <class name="testcases.Session">
        <test-method status="PASS" signature="doLogin()[pri:0, instance:testcases.Session@18067a5]" name="doLogin" duration-ms="12" started-at="2024-05-22T03:32:56Z" finished-at="2024-05-22T03:32:56Z">
          <reporter-output>
          </reporter-output>
        </test-method> <!-- doLogin -->
      </class> <!-- testcases.Session -->
      <class name="testcases.PortfolioManagement">
        <test-method status="PASS" signature="createPortfolio()[pri:0, instance:testcases.PortfolioManagement@ecd4b]" name="createPortfolio" duration-ms="1" started-at="2024-05-22T03:32:56Z" finished-at="2024-05-22T03:32:56Z">
          <reporter-output>
          </reporter-output>
        </test-method> <!-- createPortfolio -->
      </class> <!-- testcases.PortfolioManagement -->
    </test> <!-- Create Portfolio Test -->
    <test name="Delete Portfolio Test" duration-ms="7" started-at="2024-05-22T03:32:56Z" finished-at="2024-05-22T03:32:56Z">
      <class name="testcases.Session">
        <test-method status="PASS" signature="doLogin()[pri:0, instance:testcases.Session@1846619]" name="doLogin" duration-ms="1" started-at="2024-05-22T03:32:56Z" finished-at="2024-05-22T03:32:56Z">
          <reporter-output>
          </reporter-output>
        </test-method> <!-- doLogin -->
      </class> <!-- testcases.Session -->
      <class name="testcases.PortfolioManagement">
        <test-method status="PASS" signature="DeletePortfolio()[pri:0, instance:testcases.PortfolioManagement@1ec1f0c]" name="DeletePortfolio" duration-ms="1" started-at="2024-05-22T03:32:56Z" finished-at="2024-05-22T03:32:56Z">
          <reporter-output>
          </reporter-output>
        </test-method> <!-- DeletePortfolio -->
      </class> <!-- testcases.PortfolioManagement -->
    </test> <!-- Delete Portfolio Test -->
  </suite> <!-- Suite -->
</testng-results>
