<?xml version="1.0" encoding="UTF-8"?>
<testng-results skipped="0" failed="0" ignored="5" total="6" passed="1">
  <reporter-output>
  </reporter-output>
  <suite name="Default suite" duration-ms="13140" started-at="2024-05-11T14:01:32Z" finished-at="2024-05-11T14:01:45Z">
    <groups>
    </groups>
    <test name="Default test" duration-ms="13140" started-at="2024-05-11T14:01:32Z" finished-at="2024-05-11T14:01:45Z">
      <class name="actions.MouseOperations">
        <test-method status="PASS" signature="beforeMethod()[pri:0, instance:actions.MouseOperations@12948e2]" name="beforeMethod" is-config="true" duration-ms="6777" started-at="2024-05-11T19:31:32Z" finished-at="2024-05-11T19:31:39Z">
          <reporter-output>
          </reporter-output>
        </test-method> <!-- beforeMethod -->
        <test-method status="PASS" signature="autosuggestion()[pri:0, instance:actions.MouseOperations@12948e2]" name="autosuggestion" duration-ms="6319" started-at="2024-05-11T19:31:39Z" finished-at="2024-05-11T19:31:45Z">
          <reporter-output>
          </reporter-output>
        </test-method> <!-- autosuggestion -->
      </class> <!-- actions.MouseOperations -->
    </test> <!-- Default test -->
  </suite> <!-- Default suite -->
</testng-results>
